<?xml version="1.0" encoding="UTF-8"?>
<!-- Generated by org.testng.reporters.JUnitReportReporter -->
<testsuite hostname="LIN59016218" failures="0" tests="1" name="Modules.MIS.Desktop.TestScript.English.Industry_and_Solutions.TC_TE_IndustriesAndSolutions_Aerospace_en" time="0.018" errors="1" timestamp="19 Jan 2023 07:32:03 GMT" skipped="0">
  <testcase classname="Modules.MIS.Desktop.TestScript.English.Industry_and_Solutions.TC_TE_IndustriesAndSolutions_Aerospace_en" name="verifyPrimaryImageDisplayed" time="0.018">
    <error message="
Data provider mismatch
Method: verifyPrimaryImageDisplayed([Parameter{index=0, type=java.lang.String, declaredAnnotations=[]}, Parameter{index=1, type=java.lang.String, declaredAnnotations=[]}, Parameter{index=2, type=java.lang.String, declaredAnnotations=[]}])
Arguments: [(java.lang.String) Autosport,(java.lang.String) 12.0,(java.lang.String) PRODUCTS(378),(java.lang.String) Hybrid &amp; Electric Mobility Solutions,Applications,Product Families,Series,(java.lang.String) Cable Assemblies(10),Connectors(339),Harnessing(1),Heat Shrink Tubing(1),Relays, Contactors &amp; Switches(28),Terminals &amp; Splices(27),Wire &amp; Cable(10)]" type="org.testng.internal.reflect.MethodMatcherException">
      <![CDATA[org.testng.internal.reflect.MethodMatcherException: Data provider mismatchMethod: verifyPrimaryImageDisplayed([Parameter{index=0, type=java.lang.String, declaredAnnotations=[]}, Parameter{index=1, type=java.lang.String, declaredAnnotations=[]}, Parameter{index=2, type=java.lang.String, declaredAnnotations=[]}])Arguments: [(java.lang.String) Autosport,(java.lang.String) 12.0,(java.lang.String) PRODUCTS(378),(java.lang.String) Hybrid & Electric Mobility Solutions,Applications,Product Families,Series,(java.lang.String) Cable Assemblies(10),Connectors(339),Harnessing(1),Heat Shrink Tubing(1),Relays, Contactors & Switches(28),Terminals & Splices(27),Wire & Cable(10)]at org.testng.internal.reflect.DataProviderMethodMatcher.getConformingArguments(DataProviderMethodMatcher.java:45)at org.testng.internal.Parameters.injectParameters(Parameters.java:796)at org.testng.internal.Invoker.invokeTestMethods(Invoker.java:973)at org.testng.internal.TestMethodWorker.invokeTestMethods(TestMethodWorker.java:125)at org.testng.internal.TestMethodWorker.run(TestMethodWorker.java:109)at org.testng.TestRunner.privateRun(TestRunner.java:648)at org.testng.TestRunner.run(TestRunner.java:505)at org.testng.SuiteRunner.runTest(SuiteRunner.java:455)at org.testng.SuiteRunner.runSequentially(SuiteRunner.java:450)at org.testng.SuiteRunner.privateRun(SuiteRunner.java:415)at org.testng.SuiteRunner.run(SuiteRunner.java:364)at org.testng.SuiteRunnerWorker.runSuite(SuiteRunnerWorker.java:52)at org.testng.SuiteRunnerWorker.run(SuiteRunnerWorker.java:84)at org.testng.TestNG.runSuitesSequentially(TestNG.java:1187)at org.testng.TestNG.runSuitesLocally(TestNG.java:1116)at org.testng.TestNG.runSuites(TestNG.java:1028)at org.testng.TestNG.run(TestNG.java:996)at org.testng.remote.AbstractRemoteTestNG.run(AbstractRemoteTestNG.java:115)at org.testng.remote.RemoteTestNG.initAndRun(RemoteTestNG.java:251)at org.testng.remote.RemoteTestNG.main(RemoteTestNG.java:77)]]>
    </error>
  </testcase> <!-- verifyPrimaryImageDisplayed -->
</testsuite> <!-- Modules.MIS.Desktop.TestScript.English.Industry_and_Solutions.TC_TE_IndustriesAndSolutions_Aerospace_en -->
