<?xml version="1.0" encoding="UTF-8"?>
<!-- Generated by org.testng.reporters.JUnitReportReporter -->
<testsuite hostname="LIN59016218" failures="0" tests="1" name="Modules.TE.Desktop.TestScript.English.PDP.TC_TE_SHOPPING_CART_REG" time="4.773" errors="0" timestamp="13 Jul 2022 13:25:27 GMT" skipped="0">
  <testcase classname="Modules.TE.Desktop.TestScript.English.PDP.TC_TE_SHOPPING_CART_REG" name="verifyPrimaryImageDisplayed" time="4.773"/>
</testsuite> <!-- Modules.TE.Desktop.TestScript.English.PDP.TC_TE_SHOPPING_CART_REG -->
