<?xml version="1.0" encoding="UTF-8"?>
<!-- Generated by org.testng.reporters.JUnitReportReporter -->
<testsuite hostname="LIN59016218" failures="0" tests="1" name="Modules.MIS.Desktop.TestScript.English.Us.Login.TC_TE_Login_en" time="1.346" errors="0" timestamp="22 Jan 2023 19:35:10 GMT" skipped="0">
  <testcase classname="Modules.MIS.Desktop.TestScript.English.Us.Login.TC_TE_Login_en" name="verify_Field_Velidationin_LoginPage" time="1.346"/>
</testsuite> <!-- Modules.MIS.Desktop.TestScript.English.Us.Login.TC_TE_Login_en -->
